
1. Установите параметры git в соответствии с вашими учетными данными:

2.Установите непосредственно программу git и набор утилит для управления github из командной строки gh:
apt update
apt install git gh

3.Создайте ключ ssh:
ssh-keygen -t ed25519 -f ~/.ssh/$MYUSER

4.gh auth login

✓ Authentication complete.
- gh config set -h github.com git_protocol ssh
✓ Configured git protocol
! Authentication credentials saved in plain text
✓ Uploaded the SSH key to your GitHub account: /root/.ssh/eltex-pg1-v8.pub
✓ Logged in as Niknet19


5. Укажите автоматическую авторизацию только для сайта github.com:
gh auth setup-git --hostname github.com

7.Убедиться, что все в порядке можно командой: gh auth status.

github.com
  ✓ Logged in to github.com account Niknet19 (/root/.config/gh/hosts.yml)
  - Active account: true
  - Git operations protocol: ssh
  - Token: gho_************************************
  - Token scopes: 'admin:public_key', 'gist', 'read:org', 'repo'


8.Создайте репозиторий на сервере github:
gh repo create --public EltexSummer
✓ Created repository Niknet19/EltexSummer on GitHub
  https://github.com/Niknet19/EltexSummer

9. mkdir EltexSummer && cd ~/EltexSummer
echo "##Репозиторий для решений задач летней школы Eltex" >> README.md
git add README.md
git init
git branch -M main
git remote add origin https://github.com/Niknet19/EltexSummer.git
git status

Initialized empty Git repository in /root/EltexSummer/.git/
On branch main
nothing to commit, working tree clean

git push -u origin main
mkdir -p module1/task1
mkdir module1/task2
mkdir module1/task3

git add .
git status
git commit -m "сделал задания 1 модуля"
git push
