1. Список всех команд начинающихся с ls:

ls           lscpu        lsirq        lsmod        lsusb
lsattr       lsfd         lslocks      lsns         
lsblk        lsinitramfs  lslogins     lsof         
lsb_release  lsipc        lsmem        lspci

2. Список всех переменных среды:
HISTCMD HISTCONTROL HISTFILE HISTFILESIZE HISTSIZE

3.Сколько команд может хранится в файле истории:
Команда: echo $HISTSIZE
Результат:
1000

4. Выведите имена файлов и каталогов из домашнего каталога, которые
начинаются с «.»:
Комада find -name ".*"
Результат:
./.viminfo
./.config
./.profile
./.bash_logout
./.bash_history
./.eltex-pg1-v8_part2.log.swp
./.bashrc

5. Настройте вывод даты выполнения команд, хранящихся в истории.
Команды:
echo 'export HISTTIMEFORMAT="%d.%m.%Y %H:%M:%S "' >> ~/.bashrc
source ~/.bashrc
Пример вывода:
89  07.07.2025 12:23:22 nano .bashrc 
90  07.07.2025 12:23:58 clear
91  07.07.2025 12:24:02 history | tail -10
92  07.07.2025 12:24:25 history | tail -5
93  07.07.2025 12:24:35 history | tail -5 >> eltex-pg1-v8_part2.log

6.Настройте автоматическое сохранение набираемых команд в файле истории:
Выполняем команду date:
history | grep date - поиск в кэше
grep "date" "$HISTFILE" - поиск в файле
В кэше команда есть, а в файле нет:
Команда:
echo 'export PROMPT_COMMAND="history -a"' >> ~/.bashrc

7.Создайте переменную DATE, в которую запишите текущую дату. Проверьте
содержимое переменной.
DATE=$(date +"%d.%m.%Y")
echo $DATE
07.07.2025

8.Создайте переменную TIME, в которую запишите текущее время. Проверьте содержимое переменной.
TIME=$(date +"%H:%M:%S")
echo $TIME
12:51:58

9. Создайте переменную DATE_TIME в которую поместите значения из
переменных DATE и TIME, разделенных пробелом. Проверьте содержимое
переменной.
DATE_TIME="$DATE $TIME"

07.07.2025 12:51:58

10. Выведите имена файлов, содержащие хотя бы одну цифру, из каталогов /bin и /sbin.
find /bin/ /sbin/ -name "*[0-9]*"

11.Измените приглашение так, чтобы выводились имя хоста, имя пользователя и
время: имя_пользователя@имя_хоста-HH:MM>
export PS1='\u@\h-$(date +%H:%M)> '

12.Сделайте так, чтобы в запускаемом интерпретаторе bash выводилось
приглашение, установленное в родительском интерпретаторе bash.
Добавить export PS1='\u@\h-$(date +%H:%M)> ' в .bashrc

13.Одной командной строкой создайте в домашнем каталоге подкаталоги для
каждого месяца текущего года вида YYYY-MM.

for month in {01..12}; do mkdir -p $(date +%Y)-$month ; done
